#
# There is insufficient memory for the Java Runtime Environment to continue.
# Native memory allocation (malloc) failed to allocate 932176 bytes for Chunk::new
# Possible reasons:
#   The system is out of physical RAM or swap space
#   The process is running with CompressedOops enabled, and the Java Heap may be blocking the growth of the native heap
# Possible solutions:
#   Reduce memory load on the system
#   Increase physical memory or swap space
#   Check if swap backing store is full
#   Decrease Java heap size (-Xmx/-Xms)
#   Decrease number of Java threads
#   Decrease Java thread stack sizes (-Xss)
#   Set larger code cache with -XX:ReservedCodeCacheSize=
#   JVM is running with Unscaled Compressed Oops mode in which the Java heap is
#     placed in the first 4GB address space. The Java Heap base address is the
#     maximum limit for the native heap growth. Please use -XX:HeapBaseMinAddress
#     to set the Java Heap base and to place the Java Heap above 4GB virtual address.
# This output file may be truncated or incomplete.
#
#  Out of Memory Error (allocation.cpp:389), pid=20164, tid=0x0000000000006c84
#
# JRE version: OpenJDK Runtime Environment (8.0_242-b01) (build 1.8.0_242-release-1644-b01)
# Java VM: OpenJDK 64-Bit Server VM (25.242-b01 mixed mode windows-amd64 compressed oops)
# Failed to write core dump. Minidumps are not enabled by default on client versions of Windows
#

---------------  T H R E A D  ---------------

Current thread (0x0000000019a49800):  JavaThread "C2 CompilerThread1" daemon [_thread_in_native, id=27780, stack(0x000000001b1a0000,0x000000001b2a0000)]

Stack: [0x000000001b1a0000,0x000000001b2a0000]
[error occurred during error reporting (printing stack bounds), id 0xc0000005]

Native frames: (J=compiled Java code, j=interpreted, Vv=VM code, C=native code)


Current CompileTask:
C2:   1648 1522   !   4       java.net.URLClassLoader$1::run (63 bytes)


---------------  P R O C E S S  ---------------

Java Threads: ( => current thread )
  0x000000001d652000 JavaThread "Cache worker for file hash cache (C:\Users\Administrator\.gradle\caches\6.5\fileHashes)" [_thread_blocked, id=11684, stack(0x000000001f6c0000,0x000000001f7c0000)]
  0x000000001d653800 JavaThread "File lock request listener" [_thread_in_native, id=22416, stack(0x000000001f5c0000,0x000000001f6c0000)]
  0x000000001d64b000 JavaThread "Cache worker for journal cache (C:\Users\Administrator\.gradle\caches\journal-1)" [_thread_blocked, id=18620, stack(0x000000001f4c0000,0x000000001f5c0000)]
  0x000000001d38c800 JavaThread "Thread-9" [_thread_blocked, id=22712, stack(0x000000001f1c0000,0x000000001f2c0000)]
  0x000000001d3a8800 JavaThread "Stdin handler" [_thread_blocked, id=29564, stack(0x000000001f0c0000,0x000000001f1c0000)]
  0x000000001d377800 JavaThread "Asynchronous log dispatcher for DefaultDaemonConnection: socket connection from /127.0.0.1:49313 to /127.0.0.1:49314" [_thread_blocked, id=21912, stack(0x000000001efc0000,0x000000001f0c0000)]
  0x000000001d36c800 JavaThread "Daemon worker" [_thread_in_Java, id=12732, stack(0x000000001eec0000,0x000000001efc0000)]
  0x000000001d352800 JavaThread "Cancel handler" [_thread_blocked, id=28556, stack(0x000000001edc0000,0x000000001eec0000)]
  0x000000001d2db000 JavaThread "Handler for socket connection from /127.0.0.1:49313 to /127.0.0.1:49314" [_thread_in_native, id=25164, stack(0x000000001ecc0000,0x000000001edc0000)]
  0x000000001d2dc800 JavaThread "Daemon" [_thread_blocked, id=26764, stack(0x000000001ebc0000,0x000000001ecc0000)]
  0x000000001d2c4800 JavaThread "Daemon periodic checks" [_thread_blocked, id=15836, stack(0x000000001e8c0000,0x000000001e9c0000)]
  0x000000001d2bf000 JavaThread "Incoming local TCP Connector on port 49313" [_thread_in_native, id=24348, stack(0x000000001e680000,0x000000001e780000)]
  0x000000001d246800 JavaThread "Daemon health stats" [_thread_blocked, id=25252, stack(0x000000001e040000,0x000000001e140000)]
  0x0000000019b29000 JavaThread "Service Thread" daemon [_thread_blocked, id=28668, stack(0x000000001b4a0000,0x000000001b5a0000)]
  0x0000000019a95800 JavaThread "C1 CompilerThread3" daemon [_thread_blocked, id=29504, stack(0x000000001b3a0000,0x000000001b4a0000)]
  0x0000000019a94800 JavaThread "C2 CompilerThread2" daemon [_thread_in_native, id=27444, stack(0x000000001b2a0000,0x000000001b3a0000)]
=>0x0000000019a49800 JavaThread "C2 CompilerThread1" daemon [_thread_in_native, id=27780, stack(0x000000001b1a0000,0x000000001b2a0000)]
  0x0000000019a41800 JavaThread "C2 CompilerThread0" daemon [_thread_blocked, id=3112, stack(0x000000001b0a0000,0x000000001b1a0000)]
  0x0000000019a90800 JavaThread "Attach Listener" daemon [_thread_blocked, id=19064, stack(0x000000001afa0000,0x000000001b0a0000)]
  0x000000001836e800 JavaThread "Signal Dispatcher" daemon [_thread_blocked, id=11232, stack(0x000000001aea0000,0x000000001afa0000)]
  0x0000000018362000 JavaThread "Finalizer" daemon [_thread_blocked, id=27624, stack(0x000000001aca0000,0x000000001ada0000)]
  0x0000000019a33000 JavaThread "Reference Handler" daemon [_thread_blocked, id=10640, stack(0x000000001aba0000,0x000000001aca0000)]
  0x0000000002dde000 JavaThread "main" [_thread_blocked, id=28120, stack(0x0000000002ef0000,0x0000000002ff0000)]

Other Threads:
  0x0000000018355800 VMThread [stack: 0x000000001aaa0000,0x000000001aba0000] [id=12752]
  0x0000000019b2a800 WatcherThread [stack: 0x000000001b5a0000,0x000000001b6a0000] [id=21584]

VM state:not at safepoint (normal execution)

VM Mutex/Monitor currently owned by a thread: None

heap address: 0x0000000080000000, size: 2048 MB, Compressed Oops mode: 32-bit
Narrow klass base: 0x0000000000000000, Narrow klass shift: 3
Compressed class space size: 1073741824 Address: 0x0000000100000000

Heap:
 PSYoungGen      total 152576K, used 58348K [0x00000000d5580000, 0x00000000dff80000, 0x0000000100000000)
  eden space 131072K, 36% used [0x00000000d5580000,0x00000000d844b390,0x00000000dd580000)
  from space 21504K, 48% used [0x00000000dd580000,0x00000000ddfafea0,0x00000000dea80000)
  to   space 21504K, 0% used [0x00000000dea80000,0x00000000dea80000,0x00000000dff80000)
 ParOldGen       total 348160K, used 16K [0x0000000080000000, 0x0000000095400000, 0x00000000d5580000)
  object space 348160K, 0% used [0x0000000080000000,0x0000000080004000,0x0000000095400000)
 Metaspace       used 16938K, capacity 17504K, committed 17664K, reserved 1064960K
  class space    used 2296K, capacity 2466K, committed 2560K, reserved 1048576K

Card table byte_map: [0x00000000124b0000,0x00000000128c0000] byte_map_base: 0x00000000120b0000

Marking Bits: (ParMarkBitMap*) 0x00000000653ff030
 Begin Bits: [0x0000000013570000, 0x0000000015570000)
 End Bits:   [0x0000000015570000, 0x0000000017570000)

Polling page: 0x0000000002da0000

CodeCache: size=245760Kb used=5486Kb max_used=5493Kb free=240273Kb
 bounds [0x00000000030f0000, 0x0000000003650000, 0x00000000120f0000]
 total_blobs=1932 nmethods=1534 adapters=311
 compilation: enabled

Compilation events (10 events):
Event: 1.634 Thread 0x0000000019a41800 1535       4       java.lang.String::<init> (100 bytes)
Event: 1.637 Thread 0x0000000019a41800 nmethod 1535 0x000000000363b410 code [0x000000000363b560, 0x000000000363b878]
Event: 1.638 Thread 0x0000000019a95800 1537       3       sun.reflect.ReflectionFactory::checkInitted (19 bytes)
Event: 1.639 Thread 0x0000000019a95800 nmethod 1537 0x000000000364fad0 code [0x000000000364fc40, 0x000000000364ff08]
Event: 1.645 Thread 0x0000000019a95800 1539       3       sun.reflect.MethodAccessorImpl::<init> (5 bytes)
Event: 1.645 Thread 0x0000000019a95800 nmethod 1539 0x000000000364f690 code [0x000000000364f800, 0x000000000364fa10]
Event: 1.645 Thread 0x0000000019a95800 1538       1       java.lang.reflect.Method::getMethodAccessor (5 bytes)
Event: 1.645 Thread 0x0000000019a95800 nmethod 1538 0x000000000363afd0 code [0x000000000363b120, 0x000000000363b230]
Event: 1.647 Thread 0x0000000019a95800 1540       3       java.lang.Enum::<init> (15 bytes)
Event: 1.648 Thread 0x0000000019a95800 nmethod 1540 0x000000000364f2d0 code [0x000000000364f420, 0x000000000364f5f0]

GC Heap History (2 events):
Event: 1.375 GC heap before
{Heap before GC invocations=1 (full 0):
 PSYoungGen      total 152576K, used 131072K [0x00000000d5580000, 0x00000000dff80000, 0x0000000100000000)
  eden space 131072K, 100% used [0x00000000d5580000,0x00000000dd580000,0x00000000dd580000)
  from space 21504K, 0% used [0x00000000dea80000,0x00000000dea80000,0x00000000dff80000)
  to   space 21504K, 0% used [0x00000000dd580000,0x00000000dd580000,0x00000000dea80000)
 ParOldGen       total 348160K, used 0K [0x0000000080000000, 0x0000000095400000, 0x00000000d5580000)
  object space 348160K, 0% used [0x0000000080000000,0x0000000080000000,0x0000000095400000)
 Metaspace       used 12824K, capacity 13244K, committed 13440K, reserved 1060864K
  class space    used 1753K, capacity 1882K, committed 1920K, reserved 1048576K
Event: 1.383 GC heap after
Heap after GC invocations=1 (full 0):
 PSYoungGen      total 152576K, used 10431K [0x00000000d5580000, 0x00000000dff80000, 0x0000000100000000)
  eden space 131072K, 0% used [0x00000000d5580000,0x00000000d5580000,0x00000000dd580000)
  from space 21504K, 48% used [0x00000000dd580000,0x00000000ddfafea0,0x00000000dea80000)
  to   space 21504K, 0% used [0x00000000dea80000,0x00000000dea80000,0x00000000dff80000)
 ParOldGen       total 348160K, used 16K [0x0000000080000000, 0x0000000095400000, 0x00000000d5580000)
  object space 348160K, 0% used [0x0000000080000000,0x0000000080004000,0x0000000095400000)
 Metaspace       used 12824K, capacity 13244K, committed 13440K, reserved 1060864K
  class space    used 1753K, capacity 1882K, committed 1920K, reserved 1048576K
}

Deoptimization events (10 events):
Event: 1.313 Thread 0x000000001d36c800 Uncommon trap: reason=bimorphic action=maybe_recompile pc=0x00000000033afb3c method=java.util.HashMap.putVal(ILjava/lang/Object;Ljava/lang/Object;ZZ)Ljava/lang/Object; @ 253
Event: 1.313 Thread 0x000000001d36c800 Uncommon trap: reason=bimorphic action=maybe_recompile pc=0x00000000033afb3c method=java.util.HashMap.putVal(ILjava/lang/Object;Ljava/lang/Object;ZZ)Ljava/lang/Object; @ 253
Event: 1.313 Thread 0x000000001d36c800 Uncommon trap: reason=bimorphic action=maybe_recompile pc=0x00000000033afb3c method=java.util.HashMap.putVal(ILjava/lang/Object;Ljava/lang/Object;ZZ)Ljava/lang/Object; @ 253
Event: 1.386 Thread 0x0000000018362000 Uncommon trap: reason=unstable_if action=reinterpret pc=0x00000000035833dc method=java.lang.ref.ReferenceQueue.poll()Ljava/lang/ref/Reference; @ 4
Event: 1.465 Thread 0x000000001d36c800 Uncommon trap: reason=class_check action=maybe_recompile pc=0x00000000033fdb58 method=java.util.regex.Matcher.match(II)Z @ 86
Event: 1.474 Thread 0x000000001d36c800 Uncommon trap: reason=class_check action=maybe_recompile pc=0x00000000033fdb58 method=java.util.regex.Matcher.match(II)Z @ 86
Event: 1.474 Thread 0x000000001d36c800 Uncommon trap: reason=class_check action=maybe_recompile pc=0x00000000033fdb58 method=java.util.regex.Matcher.match(II)Z @ 86
Event: 1.475 Thread 0x000000001d36c800 Uncommon trap: reason=class_check action=maybe_recompile pc=0x000000000329f1cc method=java.util.regex.Matcher.match(II)Z @ 86
Event: 1.530 Thread 0x000000001d36c800 Uncommon trap: reason=unstable_if action=reinterpret pc=0x000000000340650c method=java.io.File.getName()Ljava/lang/String; @ 16
Event: 1.530 Thread 0x000000001d36c800 Uncommon trap: reason=unstable_if action=reinterpret pc=0x0000000003405bd4 method=java.lang.String.substring(I)Ljava/lang/String; @ 35

Classes redefined (0 events):
No events

Internal exceptions (10 events):
Event: 1.284 Thread 0x000000001d2db000 Exception <a 'java/lang/NoSuchMethodError': <clinit>> (0x00000000dc3bb948) thrown at [C:\src\AOSP-openjdk-git\hotspot\src\share\vm\prims\jni.cpp, line 1615]
Event: 1.285 Thread 0x000000001d2db000 Exception <a 'java/lang/NoSuchMethodError': <clinit>> (0x00000000dc3c5050) thrown at [C:\src\AOSP-openjdk-git\hotspot\src\share\vm\prims\jni.cpp, line 1615]
Event: 1.286 Thread 0x000000001d2db000 Exception <a 'java/lang/NoSuchMethodError': <clinit>> (0x00000000dc3d96e8) thrown at [C:\src\AOSP-openjdk-git\hotspot\src\share\vm\prims\jni.cpp, line 1615]
Event: 1.292 Thread 0x000000001d2db000 Exception <a 'java/lang/NoSuchMethodError': <clinit>> (0x00000000dc446bb0) thrown at [C:\src\AOSP-openjdk-git\hotspot\src\share\vm\prims\jni.cpp, line 1615]
Event: 1.296 Thread 0x000000001d2db000 Exception <a 'java/lang/NoSuchMethodError': <clinit>> (0x00000000dc481138) thrown at [C:\src\AOSP-openjdk-git\hotspot\src\share\vm\prims\jni.cpp, line 1615]
Event: 1.298 Thread 0x000000001d2db000 Exception <a 'java/lang/NoSuchMethodError': <clinit>> (0x00000000dc4b6df0) thrown at [C:\src\AOSP-openjdk-git\hotspot\src\share\vm\prims\jni.cpp, line 1615]
Event: 1.299 Thread 0x000000001d2db000 Exception <a 'java/lang/NoSuchMethodError': <clinit>> (0x00000000dc4c3320) thrown at [C:\src\AOSP-openjdk-git\hotspot\src\share\vm\prims\jni.cpp, line 1615]
Event: 1.553 Thread 0x000000001d36c800 Exception <a 'java/lang/NoSuchMethodError': java.lang.Object.lambda$and$0(Ljava/util/function/Predicate;Ljava/lang/Object;)Z> (0x00000000d6fbd578) thrown at [C:\src\AOSP-openjdk-git\hotspot\src\share\vm\interpreter\linkResolver.cpp, line 620]
Event: 1.559 Thread 0x000000001d36c800 Exception <a 'java/lang/IncompatibleClassChangeError': Found class java.lang.Object, but interface was expected> (0x00000000d6fcd870) thrown at [C:\src\AOSP-openjdk-git\hotspot\src\share\vm\interpreter\linkResolver.cpp, line 653]
Event: 1.561 Thread 0x000000001d36c800 Exception <a 'java/lang/NoSuchMethodError': java.lang.Object.lambda$or$2(Ljava/util/function/Predicate;Ljava/lang/Object;)Z> (0x00000000d6fd23c0) thrown at [C:\src\AOSP-openjdk-git\hotspot\src\share\vm\interpreter\linkResolver.cpp, line 620]

Events (10 events):
Event: 1.647 loading class kotlin/LazyKt
Event: 1.647 loading class kotlin/LazyKt done
Event: 1.647 loading class kotlin/LazyKt__LazyKt
Event: 1.647 loading class kotlin/LazyKt__LazyKt done
Event: 1.648 loading class kotlin/LazyKt__LazyJVMKt
Event: 1.648 loading class kotlin/LazyKt__LazyJVMKt done
Event: 1.648 loading class kotlin/LazyKt$WhenMappings
Event: 1.648 loading class kotlin/LazyKt$WhenMappings done
Event: 1.648 loading class kotlin/UnsafeLazyImpl
Event: 1.648 loading class kotlin/UnsafeLazyImpl done


Dynamic libraries:
0x00007ff7245a0000 - 0x00007ff7245d1000 	C:\Program Files\Android\Android Studio1\jre\bin\java.exe
0x00007fff3e8f0000 - 0x00007fff3eae6000 	C:\Windows\SYSTEM32\ntdll.dll
0x00007fff217c0000 - 0x00007fff217d3000 	C:\Program Files\Avast Software\Avast\aswhook.dll
0x00007fff3e380000 - 0x00007fff3e43d000 	C:\Windows\System32\KERNEL32.DLL
0x00007fff3c400000 - 0x00007fff3c6c9000 	C:\Windows\System32\KERNELBASE.dll
0x00007fff3d310000 - 0x00007fff3d3bc000 	C:\Windows\System32\ADVAPI32.dll
0x00007fff3e210000 - 0x00007fff3e2ae000 	C:\Windows\System32\msvcrt.dll
0x00007fff3e2e0000 - 0x00007fff3e37c000 	C:\Windows\System32\sechost.dll
0x00007fff3d3c0000 - 0x00007fff3d4eb000 	C:\Windows\System32\RPCRT4.dll
0x00007fff3d080000 - 0x00007fff3d220000 	C:\Windows\System32\USER32.dll
0x00007fff3c700000 - 0x00007fff3c722000 	C:\Windows\System32\win32u.dll
0x00007fff3cfc0000 - 0x00007fff3cfea000 	C:\Windows\System32\GDI32.dll
0x00007fff3c240000 - 0x00007fff3c34b000 	C:\Windows\System32\gdi32full.dll
0x00007fff3c730000 - 0x00007fff3c7cd000 	C:\Windows\System32\msvcp_win.dll
0x00007fff3c7d0000 - 0x00007fff3c8d0000 	C:\Windows\System32\ucrtbase.dll
0x00007fff308e0000 - 0x00007fff30b7b000 	C:\Windows\WinSxS\amd64_microsoft.windows.common-controls_6595b64144ccf1df_6.0.19041.746_none_ca02b4b61b8320a4\COMCTL32.dll
0x00007fff3e2b0000 - 0x00007fff3e2e0000 	C:\Windows\System32\IMM32.DLL
0x00000000618c0000 - 0x0000000061992000 	C:\Program Files\Android\Android Studio1\jre\jre\bin\msvcr100.dll
0x0000000064c30000 - 0x000000006547b000 	C:\Program Files\Android\Android Studio1\jre\jre\bin\server\jvm.dll
0x00007fff3d4f0000 - 0x00007fff3d4f8000 	C:\Windows\System32\PSAPI.DLL
0x00007fff297f0000 - 0x00007fff297f9000 	C:\Windows\SYSTEM32\WSOCK32.dll
0x00007fff36750000 - 0x00007fff3675a000 	C:\Windows\SYSTEM32\VERSION.dll
0x00007fff30d30000 - 0x00007fff30d57000 	C:\Windows\SYSTEM32\WINMM.dll
0x00007fff3d560000 - 0x00007fff3d5cb000 	C:\Windows\System32\WS2_32.dll
0x00007fff36720000 - 0x00007fff3672f000 	C:\Program Files\Android\Android Studio1\jre\jre\bin\verify.dll
0x00007fff28ac0000 - 0x00007fff28ae9000 	C:\Program Files\Android\Android Studio1\jre\jre\bin\java.dll
0x00007fff29660000 - 0x00007fff29676000 	C:\Program Files\Android\Android Studio1\jre\jre\bin\zip.dll
0x00007fff3dac0000 - 0x00007fff3e203000 	C:\Windows\System32\SHELL32.dll
0x00007fff3a1b0000 - 0x00007fff3a93f000 	C:\Windows\SYSTEM32\windows.storage.dll
0x00007fff3cba0000 - 0x00007fff3cef6000 	C:\Windows\System32\combase.dll
0x00007fff3ba90000 - 0x00007fff3babc000 	C:\Windows\SYSTEM32\Wldp.dll
0x00007fff3d780000 - 0x00007fff3d82e000 	C:\Windows\System32\SHCORE.dll
0x00007fff3d5d0000 - 0x00007fff3d625000 	C:\Windows\System32\shlwapi.dll
0x00007fff3bf60000 - 0x00007fff3bf86000 	C:\Windows\SYSTEM32\profapi.dll
0x00007fff28d90000 - 0x00007fff28daa000 	C:\Program Files\Android\Android Studio1\jre\jre\bin\net.dll
0x00007fff3b7a0000 - 0x00007fff3b80a000 	C:\Windows\system32\mswsock.dll
0x00007fff263b0000 - 0x00007fff263c3000 	C:\Program Files\Android\Android Studio1\jre\jre\bin\nio.dll
0x00007ffefc820000 - 0x00007ffefc847000 	C:\Users\Administrator\.gradle\native\f6784746aeab05261644944871eae4fe03e0ef1612fff0a4a95f87b438bc6780\windows-amd64\native-platform.dll
0x00007fff35aa0000 - 0x00007fff35aad000 	C:\Program Files\Android\Android Studio1\jre\jre\bin\management.dll
0x00007fff3b980000 - 0x00007fff3b998000 	C:\Windows\SYSTEM32\CRYPTSP.dll
0x00007fff3b0e0000 - 0x00007fff3b114000 	C:\Windows\system32\rsaenh.dll
0x00007fff3c6d0000 - 0x00007fff3c6f7000 	C:\Windows\System32\bcrypt.dll
0x00007fff3bf20000 - 0x00007fff3bf4e000 	C:\Windows\SYSTEM32\USERENV.dll
0x00007fff3c8d0000 - 0x00007fff3c950000 	C:\Windows\System32\bcryptprimitives.dll
0x00007fff3b970000 - 0x00007fff3b97c000 	C:\Windows\SYSTEM32\CRYPTBASE.dll
0x00007fff3b430000 - 0x00007fff3b46b000 	C:\Windows\SYSTEM32\IPHLPAPI.DLL
0x00007fff3d220000 - 0x00007fff3d228000 	C:\Windows\System32\NSI.dll
0x00007fff34140000 - 0x00007fff34157000 	C:\Windows\SYSTEM32\dhcpcsvc6.DLL
0x00007fff355e0000 - 0x00007fff355fd000 	C:\Windows\SYSTEM32\dhcpcsvc.DLL
0x00007fff3b470000 - 0x00007fff3b53b000 	C:\Windows\SYSTEM32\DNSAPI.dll
0x00007fff35a50000 - 0x00007fff35a5b000 	C:\Windows\SYSTEM32\WINNSI.DLL

VM Arguments:
jvm_args: -Xmx2048m -Dfile.encoding=UTF-8 -Duser.country=US -Duser.language=en -Duser.variant 
java_command: org.gradle.launcher.daemon.bootstrap.GradleDaemon 6.5
java_class_path (initial): C:\Users\Administrator\.gradle\wrapper\dists\gradle-6.5-bin\6nifqtx7604sqp1q6g8wikw7p\gradle-6.5\lib\gradle-launcher-6.5.jar
Launcher Type: SUN_STANDARD

Environment Variables:
PATH=C:\Program Files (x86)\Common Files\Oracle\Java\javapath;C:\Windows\system32;C:\Windows;C:\Windows\System32\Wbem;C:\Windows\System32\WindowsPowerShell\v1.0\;C:\Program Files\Git\cmd;C:\Program Files\Git\mingw64\bin;C:\Program Files\Git\usr\bin;C:\Users\Administrator\AppData\Local\Microsoft\WindowsApps;
USERNAME=Administrator
OS=Windows_NT
PROCESSOR_IDENTIFIER=Intel64 Family 6 Model 158 Stepping 10, GenuineIntel



---------------  S Y S T E M  ---------------

OS: Windows 10.0 , 64 bit Build 19041 (10.0.19041.662)

CPU:total 12 (initial active 12) (6 cores per cpu, 2 threads per core) family 6 model 158 stepping 10, cmov, cx8, fxsr, mmx, sse, sse2, sse3, ssse3, sse4.1, sse4.2, popcnt, avx, avx2, aes, clmul, erms, rtm, 3dnowpref, lzcnt, ht, tsc, tscinvbit, bmi1, bmi2, adx

Memory: 4k page, physical 33389236k(9805444k free), swap 33389236k(5124k free)

vm_info: OpenJDK 64-Bit Server VM (25.242-b01) for windows-amd64 JRE (1.8.0_242-release-1644-b01), built by "builder" with MS VC++ 10.0 (VS2010)

time: Mon May 10 20:40:03 2021
timezone: Jerusalem Daylight Time
elapsed time: 1 seconds (0d 0h 0m 1s)

