#
# There is insufficient memory for the Java Runtime Environment to continue.
# Native memory allocation (malloc) failed to allocate 2157136 bytes for Chunk::new
# Possible reasons:
#   The system is out of physical RAM or swap space
#   The process is running with CompressedOops enabled, and the Java Heap may be blocking the growth of the native heap
# Possible solutions:
#   Reduce memory load on the system
#   Increase physical memory or swap space
#   Check if swap backing store is full
#   Decrease Java heap size (-Xmx/-Xms)
#   Decrease number of Java threads
#   Decrease Java thread stack sizes (-Xss)
#   Set larger code cache with -XX:ReservedCodeCacheSize=
#   JVM is running with Unscaled Compressed Oops mode in which the Java heap is
#     placed in the first 4GB address space. The Java Heap base address is the
#     maximum limit for the native heap growth. Please use -XX:HeapBaseMinAddress
#     to set the Java Heap base and to place the Java Heap above 4GB virtual address.
# This output file may be truncated or incomplete.
#
#  Out of Memory Error (allocation.cpp:389), pid=14844, tid=0x0000000000007368
#
# JRE version: OpenJDK Runtime Environment (8.0_242-b01) (build 1.8.0_242-release-1644-b01)
# Java VM: OpenJDK 64-Bit Server VM (25.242-b01 mixed mode windows-amd64 compressed oops)
# Failed to write core dump. Minidumps are not enabled by default on client versions of Windows
#

---------------  T H R E A D  ---------------

Current thread (0x0000000019782000):  JavaThread "C2 CompilerThread1" daemon [_thread_in_native, id=29544, stack(0x000000001af00000,0x000000001b000000)]

Stack: [0x000000001af00000,0x000000001b000000]
[error occurred during error reporting (printing stack bounds), id 0xc0000005]

Native frames: (J=compiled Java code, j=interpreted, Vv=VM code, C=native code)


Current CompileTask:
C2:   4380 4626       4       com.sun.beans.TypeResolver::resolve (37 bytes)


---------------  P R O C E S S  ---------------

Java Threads: ( => current thread )
  0x000000001d89e800 JavaThread "Cache worker for Build Output Cleanup Cache (C:\Users\Administrator\AndroidStudioProjects\lesson10\.gradle\buildOutputCleanup)" [_thread_blocked, id=22648, stack(0x000000002bc50000,0x000000002bd50000)]
  0x000000001d8a1000 JavaThread "jar transforms Thread 92" [_thread_blocked, id=29108, stack(0x000000002b620000,0x000000002b720000)]
  0x000000001d4f0800 JavaThread "jar transforms Thread 91" [_thread_blocked, id=20964, stack(0x000000002b520000,0x000000002b620000)]
  0x000000001d4f0000 JavaThread "jar transforms Thread 90" [_thread_blocked, id=9520, stack(0x000000002b420000,0x000000002b520000)]
  0x000000001d4ef000 JavaThread "jar transforms Thread 89" [_thread_blocked, id=24492, stack(0x000000002b320000,0x000000002b420000)]
  0x000000001d4ec000 JavaThread "jar transforms Thread 88" [_thread_blocked, id=28540, stack(0x000000002b220000,0x000000002b320000)]
  0x000000001d4ee800 JavaThread "jar transforms Thread 87" [_thread_blocked, id=14304, stack(0x000000002b120000,0x000000002b220000)]
  0x000000001d4eb000 JavaThread "jar transforms Thread 86" [_thread_blocked, id=19312, stack(0x000000002b020000,0x000000002b120000)]
  0x000000001d4ed000 JavaThread "jar transforms Thread 85" [_thread_blocked, id=17332, stack(0x000000002af20000,0x000000002b020000)]
  0x000000001d4ed800 JavaThread "jar transforms Thread 84" [_thread_blocked, id=19408, stack(0x000000002ae20000,0x000000002af20000)]
  0x000000001d4f1800 JavaThread "jar transforms Thread 83" [_thread_blocked, id=27960, stack(0x000000002ad20000,0x000000002ae20000)]
  0x000000001d4e3800 JavaThread "jar transforms Thread 82" [_thread_blocked, id=17564, stack(0x000000002ac20000,0x000000002ad20000)]
  0x000000001d4e9800 JavaThread "jar transforms Thread 81" [_thread_blocked, id=16132, stack(0x000000002ab20000,0x000000002ac20000)]
  0x000000001d4e6800 JavaThread "jar transforms Thread 80" [_thread_blocked, id=1728, stack(0x000000002aa20000,0x000000002ab20000)]
  0x000000001d4ea800 JavaThread "jar transforms Thread 79" [_thread_blocked, id=6932, stack(0x000000002a920000,0x000000002aa20000)]
  0x000000001d4e4800 JavaThread "jar transforms Thread 78" [_thread_blocked, id=4364, stack(0x000000002a820000,0x000000002a920000)]
  0x000000001d4e2000 JavaThread "jar transforms Thread 77" [_thread_blocked, id=25452, stack(0x000000002a720000,0x000000002a820000)]
  0x000000001d4e7800 JavaThread "jar transforms Thread 76" [_thread_blocked, id=25032, stack(0x000000002a620000,0x000000002a720000)]
  0x000000001d4e6000 JavaThread "jar transforms Thread 75" [_thread_blocked, id=23532, stack(0x000000002a520000,0x000000002a620000)]
  0x000000001d4e9000 JavaThread "jar transforms Thread 74" [_thread_blocked, id=27640, stack(0x000000002a420000,0x000000002a520000)]
  0x000000001d4e8000 JavaThread "jar transforms Thread 73" [_thread_blocked, id=26196, stack(0x000000002a320000,0x000000002a420000)]
  0x000000001d4e3000 JavaThread "jar transforms Thread 72" [_thread_blocked, id=29540, stack(0x000000002a220000,0x000000002a320000)]
  0x000000001d4e5000 JavaThread "jar transforms Thread 71" [_thread_blocked, id=25652, stack(0x000000002a120000,0x000000002a220000)]
  0x0000000022c3b800 JavaThread "jar transforms Thread 70" [_thread_blocked, id=27908, stack(0x000000002a020000,0x000000002a120000)]
  0x0000000022c3e800 JavaThread "jar transforms Thread 69" [_thread_blocked, id=18084, stack(0x0000000029f20000,0x000000002a020000)]
  0x0000000022c41800 JavaThread "jar transforms Thread 68" [_thread_blocked, id=26056, stack(0x0000000029e20000,0x0000000029f20000)]
  0x0000000022c40000 JavaThread "jar transforms Thread 67" [_thread_blocked, id=28676, stack(0x0000000029d20000,0x0000000029e20000)]
  0x0000000022c3d800 JavaThread "jar transforms Thread 66" [_thread_blocked, id=2948, stack(0x0000000029c20000,0x0000000029d20000)]
  0x0000000022c3f000 JavaThread "jar transforms Thread 65" [_thread_blocked, id=22568, stack(0x0000000029b20000,0x0000000029c20000)]
  0x0000000022c40800 JavaThread "jar transforms Thread 64" [_thread_blocked, id=13416, stack(0x0000000029a20000,0x0000000029b20000)]
  0x0000000022c3d000 JavaThread "jar transforms Thread 63" [_thread_blocked, id=25204, stack(0x0000000029920000,0x0000000029a20000)]
  0x0000000022c35800 JavaThread "jar transforms Thread 62" [_thread_blocked, id=29156, stack(0x0000000029820000,0x0000000029920000)]
  0x0000000022c3a800 JavaThread "jar transforms Thread 61" [_thread_blocked, id=18748, stack(0x0000000029720000,0x0000000029820000)]
  0x0000000022c3c000 JavaThread "jar transforms Thread 60" [_thread_blocked, id=1156, stack(0x0000000029620000,0x0000000029720000)]
  0x0000000022c3a000 JavaThread "jar transforms Thread 59" [_thread_blocked, id=19860, stack(0x0000000029520000,0x0000000029620000)]
  0x0000000022c32800 JavaThread "jar transforms Thread 58" [_thread_blocked, id=26340, stack(0x0000000029420000,0x0000000029520000)]
  0x0000000022c39000 JavaThread "jar transforms Thread 57" [_thread_blocked, id=18452, stack(0x0000000029320000,0x0000000029420000)]
  0x0000000022c34800 JavaThread "jar transforms Thread 56" [_thread_blocked, id=25044, stack(0x0000000029220000,0x0000000029320000)]
  0x0000000022c38800 JavaThread "jar transforms Thread 55" [_thread_blocked, id=28308, stack(0x0000000029120000,0x0000000029220000)]
  0x0000000022c34000 JavaThread "jar transforms Thread 54" [_thread_blocked, id=22256, stack(0x0000000029020000,0x0000000029120000)]
  0x0000000022c37800 JavaThread "jar transforms Thread 53" [_thread_blocked, id=6636, stack(0x0000000028f20000,0x0000000029020000)]
  0x0000000022c36000 JavaThread "jar transforms Thread 52" [_thread_blocked, id=19932, stack(0x0000000028e20000,0x0000000028f20000)]
  0x0000000022c37000 JavaThread "jar transforms Thread 51" [_thread_blocked, id=2952, stack(0x0000000028d20000,0x0000000028e20000)]
  0x0000000022c33000 JavaThread "jar transforms Thread 50" [_thread_blocked, id=27772, stack(0x0000000028c20000,0x0000000028d20000)]
  0x000000001d70a800 JavaThread "jar transforms Thread 49" [_thread_blocked, id=27460, stack(0x0000000028b20000,0x0000000028c20000)]
  0x000000001d706800 JavaThread "jar transforms Thread 48" [_thread_blocked, id=13376, stack(0x0000000028a20000,0x0000000028b20000)]
  0x000000001d704800 JavaThread "jar transforms Thread 47" [_thread_blocked, id=19444, stack(0x0000000028920000,0x0000000028a20000)]
  0x000000001d709800 JavaThread "jar transforms Thread 46" [_thread_blocked, id=11424, stack(0x0000000028820000,0x0000000028920000)]
  0x000000001d707800 JavaThread "jar transforms Thread 45" [_thread_blocked, id=24452, stack(0x0000000028720000,0x0000000028820000)]
  0x000000001d709000 JavaThread "jar transforms Thread 44" [_thread_blocked, id=3448, stack(0x0000000028620000,0x0000000028720000)]
  0x000000001d706000 JavaThread "jar transforms Thread 43" [_thread_blocked, id=27008, stack(0x0000000028520000,0x0000000028620000)]
  0x000000001d705000 JavaThread "jar transforms Thread 42" [_thread_blocked, id=29504, stack(0x0000000028420000,0x0000000028520000)]
  0x000000001d708000 JavaThread "jar transforms Thread 41" [_thread_blocked, id=17484, stack(0x0000000028320000,0x0000000028420000)]
  0x000000001d6fd000 JavaThread "jar transforms Thread 40" [_thread_blocked, id=25184, stack(0x0000000028220000,0x0000000028320000)]
  0x000000001d703800 JavaThread "jar transforms Thread 39" [_thread_blocked, id=22168, stack(0x0000000028120000,0x0000000028220000)]
  0x000000001d703000 JavaThread "jar transforms Thread 38" [_thread_blocked, id=24420, stack(0x0000000028020000,0x0000000028120000)]
  0x000000001d6fd800 JavaThread "jar transforms Thread 37" [_thread_blocked, id=29516, stack(0x0000000027f20000,0x0000000028020000)]
  0x000000001d6fb800 JavaThread "jar transforms Thread 36" [_thread_blocked, id=17752, stack(0x0000000027e20000,0x0000000027f20000)]
  0x000000001d701800 JavaThread "jar transforms Thread 35" [_thread_blocked, id=9912, stack(0x0000000027d20000,0x0000000027e20000)]
  0x000000001d6ff000 JavaThread "jar transforms Thread 34" [_thread_blocked, id=25988, stack(0x0000000027c20000,0x0000000027d20000)]
  0x000000001d700000 JavaThread "jar transforms Thread 33" [_thread_blocked, id=29664, stack(0x0000000027b20000,0x0000000027c20000)]
  0x000000001d6fe800 JavaThread "jar transforms Thread 32" [_thread_blocked, id=17504, stack(0x0000000027a20000,0x0000000027b20000)]
  0x000000001d6fc000 JavaThread "jar transforms Thread 31" [_thread_blocked, id=16180, stack(0x0000000027920000,0x0000000027a20000)]
  0x000000001d700800 JavaThread "jar transforms Thread 30" [_thread_blocked, id=27620, stack(0x0000000027820000,0x0000000027920000)]
  0x000000001d702000 JavaThread "jar transforms Thread 29" [_thread_blocked, id=22136, stack(0x0000000027720000,0x0000000027820000)]
  0x000000001f833000 JavaThread "jar transforms Thread 28" [_thread_blocked, id=28832, stack(0x0000000027620000,0x0000000027720000)]
  0x000000001f832800 JavaThread "jar transforms Thread 27" [_thread_blocked, id=26852, stack(0x0000000027520000,0x0000000027620000)]
  0x000000001f834800 JavaThread "jar transforms Thread 26" [_thread_blocked, id=3096, stack(0x0000000027420000,0x0000000027520000)]
  0x000000001f839000 JavaThread "jar transforms Thread 25" [_thread_blocked, id=13356, stack(0x0000000027320000,0x0000000027420000)]
  0x000000001f837000 JavaThread "jar transforms Thread 24" [_thread_blocked, id=6388, stack(0x0000000027220000,0x0000000027320000)]
  0x000000001f835800 JavaThread "jar transforms Thread 23" [_thread_blocked, id=28648, stack(0x0000000027120000,0x0000000027220000)]
  0x000000001f838800 JavaThread "jar transforms Thread 22" [_thread_blocked, id=23964, stack(0x0000000027020000,0x0000000027120000)]
  0x000000001f834000 JavaThread "jar transforms Thread 21" [_thread_blocked, id=20940, stack(0x0000000026f20000,0x0000000027020000)]
  0x000000001f837800 JavaThread "jar transforms Thread 20" [_thread_blocked, id=10728, stack(0x0000000026e20000,0x0000000026f20000)]
  0x000000001f836000 JavaThread "jar transforms Thread 19" [_thread_blocked, id=21288, stack(0x0000000026d20000,0x0000000026e20000)]
  0x000000001f82b000 JavaThread "jar transforms Thread 18" [_thread_blocked, id=2100, stack(0x0000000026c20000,0x0000000026d20000)]
  0x000000001f831800 JavaThread "jar transforms Thread 17" [_thread_blocked, id=17732, stack(0x0000000026b20000,0x0000000026c20000)]
  0x000000001f82e800 JavaThread "jar transforms Thread 16" [_thread_blocked, id=11652, stack(0x0000000026a20000,0x0000000026b20000)]
  0x000000001f82a000 JavaThread "jar transforms Thread 15" [_thread_blocked, id=15452, stack(0x0000000026920000,0x0000000026a20000)]
  0x000000001f82e000 JavaThread "jar transforms Thread 14" [_thread_blocked, id=25064, stack(0x0000000026820000,0x0000000026920000)]
  0x000000001f82f800 JavaThread "jar transforms Thread 13" [_thread_blocked, id=16372, stack(0x0000000026720000,0x0000000026820000)]
  0x000000001f831000 JavaThread "jar transforms Thread 12" [_thread_blocked, id=29632, stack(0x0000000026620000,0x0000000026720000)]
  0x000000001f830000 JavaThread "jar transforms Thread 11" [_thread_blocked, id=29624, stack(0x0000000026520000,0x0000000026620000)]
  0x000000001f82d000 JavaThread "jar transforms Thread 10" [_thread_blocked, id=25692, stack(0x0000000026420000,0x0000000026520000)]
  0x000000001f82c800 JavaThread "jar transforms Thread 9" [_thread_blocked, id=15556, stack(0x0000000026320000,0x0000000026420000)]
  0x000000001f82b800 JavaThread "jar transforms Thread 8" [_thread_blocked, id=28500, stack(0x0000000026220000,0x0000000026320000)]
  0x0000000021242800 JavaThread "jar transforms Thread 7" [_thread_blocked, id=20276, stack(0x0000000026120000,0x0000000026220000)]
  0x0000000021249800 JavaThread "jar transforms Thread 6" [_thread_blocked, id=29600, stack(0x0000000026020000,0x0000000026120000)]
  0x0000000021248800 JavaThread "jar transforms Thread 5" [_thread_blocked, id=27732, stack(0x0000000025f20000,0x0000000026020000)]
  0x0000000021247800 JavaThread "jar transforms Thread 4" [_thread_blocked, id=25852, stack(0x0000000025e20000,0x0000000025f20000)]
  0x0000000021247000 JavaThread "jar transforms Thread 3" [_thread_blocked, id=2916, stack(0x0000000025d20000,0x0000000025e20000)]
  0x0000000021246000 JavaThread "jar transforms Thread 2" [_thread_blocked, id=29688, stack(0x0000000025c20000,0x0000000025d20000)]
  0x0000000021240000 JavaThread "Build operations Thread 12" [_thread_blocked, id=7748, stack(0x0000000025b20000,0x0000000025c20000)]
  0x0000000021241800 JavaThread "Build operations Thread 11" [_thread_blocked, id=3828, stack(0x0000000025a20000,0x0000000025b20000)]
  0x0000000021245800 JavaThread "Build operations Thread 10" [_thread_blocked, id=24936, stack(0x0000000025920000,0x0000000025a20000)]
  0x000000002123e800 JavaThread "Build operations Thread 9" [_thread_blocked, id=21700, stack(0x0000000025820000,0x0000000025920000)]
  0x0000000021244800 JavaThread "Build operations Thread 8" [_thread_blocked, id=28468, stack(0x0000000025720000,0x0000000025820000)]
  0x000000002123f800 JavaThread "Build operations Thread 7" [_thread_blocked, id=10560, stack(0x0000000025520000,0x0000000025620000)]
  0x0000000021243000 JavaThread "Build operations Thread 6" [_thread_blocked, id=28268, stack(0x0000000025420000,0x0000000025520000)]
  0x0000000021244000 JavaThread "Build operations Thread 5" [_thread_blocked, id=27780, stack(0x0000000025320000,0x0000000025420000)]
  0x000000002123d000 JavaThread "Build operations Thread 4" [_thread_blocked, id=22200, stack(0x0000000025220000,0x0000000025320000)]
  0x000000002123b000 JavaThread "Build operations Thread 3" [_thread_blocked, id=3460, stack(0x0000000025120000,0x0000000025220000)]
  0x0000000021241000 JavaThread "Build operations Thread 2" [_thread_blocked, id=9956, stack(0x0000000025020000,0x0000000025120000)]
  0x000000002123a000 JavaThread "Build operations" [_thread_blocked, id=9916, stack(0x0000000024cd0000,0x0000000024dd0000)]
  0x000000001d339000 JavaThread "Cache worker for file content cache (C:\Users\Administrator\.gradle\caches\6.5\fileContent)" [_thread_blocked, id=28188, stack(0x0000000023800000,0x0000000023900000)]
  0x000000001d335000 JavaThread "jar transforms" [_thread_blocked, id=18940, stack(0x0000000022f10000,0x0000000023010000)]
  0x000000001d33a800 JavaThread "Cache worker for execution history cache (C:\Users\Administrator\.gradle\caches\6.5\executionHistory)" [_thread_blocked, id=9232, stack(0x0000000022e10000,0x0000000022f10000)]
  0x000000001d338000 JavaThread "Cache worker for cache directory md-rule (C:\Users\Administrator\.gradle\caches\6.5\md-rule)" [_thread_blocked, id=1300, stack(0x0000000022d10000,0x0000000022e10000)]
  0x000000001d333800 JavaThread "Cache worker for cache directory md-supplier (C:\Users\Administrator\.gradle\caches\6.5\md-supplier)" [_thread_blocked, id=24108, stack(0x00000000219c0000,0x0000000021ac0000)]
  0x000000001d336800 JavaThread "Cache worker for checksums cache (C:\Users\Administrator\AndroidStudioProjects\lesson10\.gradle\checksums)" [_thread_blocked, id=13240, stack(0x00000000218c0000,0x00000000219c0000)]
  0x000000001d337800 JavaThread "Cache worker for file hash cache (C:\Users\Administrator\AndroidStudioProjects\lesson10\.gradle\6.5\fileHashes)" [_thread_blocked, id=3112, stack(0x0000000023100000,0x0000000023200000)]
  0x000000001d334800 JavaThread "Cache worker for file hash cache (C:\Users\Administrator\.gradle\caches\6.5\fileHashes)" [_thread_blocked, id=24868, stack(0x000000001f420000,0x000000001f520000)]
  0x000000001d336000 JavaThread "File lock request listener" [_thread_in_native, id=28728, stack(0x000000001f320000,0x000000001f420000)]
  0x000000001d173800 JavaThread "Cache worker for journal cache (C:\Users\Administrator\.gradle\caches\journal-1)" [_thread_blocked, id=25552, stack(0x000000001f220000,0x000000001f320000)]
  0x000000001d0ce000 JavaThread "Thread-9" [_thread_blocked, id=29104, stack(0x000000001ef20000,0x000000001f020000)]
  0x000000001d0f4800 JavaThread "Stdin handler" [_thread_blocked, id=3052, stack(0x000000001ee20000,0x000000001ef20000)]
  0x000000001d0eb800 JavaThread "Asynchronous log dispatcher for DefaultDaemonConnection: socket connection from /127.0.0.1:49602 to /127.0.0.1:49603" [_thread_blocked, id=17596, stack(0x000000001ed20000,0x000000001ee20000)]
  0x000000001d0e9800 JavaThread "Daemon worker" [_thread_in_vm, id=23128, stack(0x000000001ec20000,0x000000001ed20000)]
  0x000000001d0e5000 JavaThread "Cancel handler" [_thread_blocked, id=28200, stack(0x000000001eb20000,0x000000001ec20000)]
  0x000000001d09a000 JavaThread "Handler for socket connection from /127.0.0.1:49602 to /127.0.0.1:49603" [_thread_in_native, id=23440, stack(0x000000001ea20000,0x000000001eb20000)]
  0x000000001d099800 JavaThread "Daemon" [_thread_blocked, id=29376, stack(0x000000001e920000,0x000000001ea20000)]
  0x000000001d02b000 JavaThread "Daemon periodic checks" [_thread_blocked, id=27812, stack(0x000000001e620000,0x000000001e720000)]
  0x000000001d00d800 JavaThread "Incoming local TCP Connector on port 49602" [_thread_in_native, id=28356, stack(0x000000001e3e0000,0x000000001e4e0000)]
  0x000000001cf85000 JavaThread "Daemon health stats" [_thread_blocked, id=7752, stack(0x000000001dda0000,0x000000001dea0000)]
  0x000000001984a000 JavaThread "Service Thread" daemon [_thread_blocked, id=27308, stack(0x000000001b200000,0x000000001b300000)]
  0x000000001809e000 JavaThread "C1 CompilerThread3" daemon [_thread_in_native, id=22416, stack(0x000000001b100000,0x000000001b200000)]
  0x0000000018098800 JavaThread "C2 CompilerThread2" daemon [_thread_in_native, id=21148, stack(0x000000001b000000,0x000000001b100000)]
=>0x0000000019782000 JavaThread "C2 CompilerThread1" daemon [_thread_in_native, id=29544, stack(0x000000001af00000,0x000000001b000000)]
  0x000000001977c000 JavaThread "C2 CompilerThread0" daemon [_thread_in_native, id=17548, stack(0x000000001ae00000,0x000000001af00000)]
  0x00000000197cb000 JavaThread "Attach Listener" daemon [_thread_blocked, id=8500, stack(0x000000001ad00000,0x000000001ae00000)]
  0x00000000197ca800 JavaThread "Signal Dispatcher" daemon [_thread_blocked, id=21932, stack(0x000000001ac00000,0x000000001ad00000)]
  0x0000000018095000 JavaThread "Finalizer" daemon [_thread_blocked, id=22424, stack(0x000000001a9d0000,0x000000001aad0000)]
  0x0000000019763000 JavaThread "Reference Handler" daemon [_thread_blocked, id=1800, stack(0x000000001a8d0000,0x000000001a9d0000)]
  0x0000000002d1e000 JavaThread "main" [_thread_blocked, id=27808, stack(0x0000000002bd0000,0x0000000002cd0000)]

Other Threads:
  0x0000000018085000 VMThread [stack: 0x000000001a7d0000,0x000000001a8d0000] [id=29152]
  0x000000001984c000 WatcherThread [stack: 0x000000001b300000,0x000000001b400000] [id=27252]

VM state:not at safepoint (normal execution)

VM Mutex/Monitor currently owned by a thread: None

heap address: 0x0000000080000000, size: 2048 MB, Compressed Oops mode: 32-bit
Narrow klass base: 0x0000000000000000, Narrow klass shift: 3
Compressed class space size: 1073741824 Address: 0x0000000100000000

Heap:
 PSYoungGen      total 213504K, used 127343K [0x00000000d5580000, 0x00000000e4800000, 0x0000000100000000)
  eden space 192000K, 58% used [0x00000000d5580000,0x00000000dc32e170,0x00000000e1100000)
  from space 21504K, 69% used [0x00000000e1100000,0x00000000e1fadc60,0x00000000e2600000)
  to   space 21504K, 0% used [0x00000000e2600000,0x00000000e2600000,0x00000000e3b00000)
 ParOldGen       total 214016K, used 14764K [0x0000000080000000, 0x000000008d100000, 0x00000000d5580000)
  object space 214016K, 6% used [0x0000000080000000,0x0000000080e6b010,0x000000008d100000)
 Metaspace       used 53865K, capacity 56052K, committed 56232K, reserved 1097728K
  class space    used 7324K, capacity 7776K, committed 7856K, reserved 1048576K

Card table byte_map: [0x00000000121e0000,0x00000000125f0000] byte_map_base: 0x0000000011de0000

Marking Bits: (ParMarkBitMap*) 0x00000000653ff030
 Begin Bits: [0x00000000132a0000, 0x00000000152a0000)
 End Bits:   [0x00000000152a0000, 0x00000000172a0000)

Polling page: 0x00000000012b0000

CodeCache: size=245760Kb used=16801Kb max_used=16801Kb free=228958Kb
 bounds [0x0000000002e20000, 0x0000000003ea0000, 0x0000000011e20000]
 total_blobs=5534 nmethods=4768 adapters=677
 compilation: enabled

Compilation events (10 events):
Event: 4.375 Thread 0x000000001809e000 nmethod 4774 0x0000000003e71390 code [0x0000000003e71580, 0x0000000003e72138]
Event: 4.377 Thread 0x000000001809e000 4775       3       org.gradle.api.internal.DefaultNamedDomainObjectCollection::hasWithName (32 bytes)
Event: 4.378 Thread 0x000000001809e000 nmethod 4775 0x0000000003e72510 code [0x0000000003e726a0, 0x0000000003e72a38]
Event: 4.378 Thread 0x000000001809e000 4776       3       org.gradle.api.internal.project.DefaultProject::getProjectPath (10 bytes)
Event: 4.378 Thread 0x000000001809e000 nmethod 4776 0x0000000003e72b50 code [0x0000000003e72cc0, 0x0000000003e72e70]
Event: 4.378 Thread 0x000000001809e000 4777       3       com.google.common.collect.ImmutableList::<init> (5 bytes)
Event: 4.378 Thread 0x000000001809e000 nmethod 4777 0x0000000003e72f50 code [0x0000000003e730c0, 0x0000000003e73330]
Event: 4.378 Thread 0x000000001809e000 4778       1       org.gradle.api.internal.artifacts.configurations.DefaultConfiguration::access$1600 (5 bytes)
Event: 4.378 Thread 0x000000001809e000 nmethod 4778 0x0000000003e73450 code [0x0000000003e735a0, 0x0000000003e73690]
Event: 4.378 Thread 0x000000001809e000 4779       3       com.android.utils.StringHelper::appendCapitalized (285 bytes)

GC Heap History (10 events):
Event: 2.049 GC heap before
{Heap before GC invocations=3 (full 1):
 PSYoungGen      total 152576K, used 13868K [0x00000000d5580000, 0x00000000dff80000, 0x0000000100000000)
  eden space 131072K, 0% used [0x00000000d5580000,0x00000000d5580000,0x00000000dd580000)
  from space 21504K, 64% used [0x00000000dea80000,0x00000000df80b128,0x00000000dff80000)
  to   space 21504K, 0% used [0x00000000dd580000,0x00000000dd580000,0x00000000dea80000)
 ParOldGen       total 348160K, used 24K [0x0000000080000000, 0x0000000095400000, 0x00000000d5580000)
  object space 348160K, 0% used [0x0000000080000000,0x0000000080006000,0x0000000095400000)
 Metaspace       used 20597K, capacity 21224K, committed 21296K, reserved 1067008K
  class space    used 2878K, capacity 3076K, committed 3120K, reserved 1048576K
Event: 2.072 GC heap after
Heap after GC invocations=3 (full 1):
 PSYoungGen      total 152576K, used 0K [0x00000000d5580000, 0x00000000dff80000, 0x0000000100000000)
  eden space 131072K, 0% used [0x00000000d5580000,0x00000000d5580000,0x00000000dd580000)
  from space 21504K, 0% used [0x00000000dea80000,0x00000000dea80000,0x00000000dff80000)
  to   space 21504K, 0% used [0x00000000dd580000,0x00000000dd580000,0x00000000dea80000)
 ParOldGen       total 214016K, used 13289K [0x0000000080000000, 0x000000008d100000, 0x00000000d5580000)
  object space 214016K, 6% used [0x0000000080000000,0x0000000080cfa6b0,0x000000008d100000)
 Metaspace       used 20597K, capacity 21224K, committed 21296K, reserved 1067008K
  class space    used 2878K, capacity 3076K, committed 3120K, reserved 1048576K
}
Event: 2.759 GC heap before
{Heap before GC invocations=4 (full 1):
 PSYoungGen      total 152576K, used 131072K [0x00000000d5580000, 0x00000000dff80000, 0x0000000100000000)
  eden space 131072K, 100% used [0x00000000d5580000,0x00000000dd580000,0x00000000dd580000)
  from space 21504K, 0% used [0x00000000dea80000,0x00000000dea80000,0x00000000dff80000)
  to   space 21504K, 0% used [0x00000000dd580000,0x00000000dd580000,0x00000000dea80000)
 ParOldGen       total 214016K, used 13289K [0x0000000080000000, 0x000000008d100000, 0x00000000d5580000)
  object space 214016K, 6% used [0x0000000080000000,0x0000000080cfa6b0,0x000000008d100000)
 Metaspace       used 32769K, capacity 33796K, committed 33968K, reserved 1079296K
  class space    used 4479K, capacity 4750K, committed 4784K, reserved 1048576K
Event: 2.765 GC heap after
Heap after GC invocations=4 (full 1):
 PSYoungGen      total 152576K, used 14196K [0x00000000d5580000, 0x00000000e3b00000, 0x0000000100000000)
  eden space 131072K, 0% used [0x00000000d5580000,0x00000000d5580000,0x00000000dd580000)
  from space 21504K, 66% used [0x00000000dd580000,0x00000000de35d2e8,0x00000000dea80000)
  to   space 21504K, 0% used [0x00000000e2600000,0x00000000e2600000,0x00000000e3b00000)
 ParOldGen       total 214016K, used 13297K [0x0000000080000000, 0x000000008d100000, 0x00000000d5580000)
  object space 214016K, 6% used [0x0000000080000000,0x0000000080cfc6b0,0x000000008d100000)
 Metaspace       used 32769K, capacity 33796K, committed 33968K, reserved 1079296K
  class space    used 4479K, capacity 4750K, committed 4784K, reserved 1048576K
}
Event: 2.891 GC heap before
{Heap before GC invocations=5 (full 1):
 PSYoungGen      total 152576K, used 45638K [0x00000000d5580000, 0x00000000e3b00000, 0x0000000100000000)
  eden space 131072K, 23% used [0x00000000d5580000,0x00000000d7434690,0x00000000dd580000)
  from space 21504K, 66% used [0x00000000dd580000,0x00000000de35d2e8,0x00000000dea80000)
  to   space 21504K, 0% used [0x00000000e2600000,0x00000000e2600000,0x00000000e3b00000)
 ParOldGen       total 214016K, used 13297K [0x0000000080000000, 0x000000008d100000, 0x00000000d5580000)
  object space 214016K, 6% used [0x0000000080000000,0x0000000080cfc6b0,0x000000008d100000)
 Metaspace       used 34294K, capacity 35414K, committed 35496K, reserved 1079296K
  class space    used 4719K, capacity 5002K, committed 5040K, reserved 1048576K
Event: 2.894 GC heap after
Heap after GC invocations=5 (full 1):
 PSYoungGen      total 213504K, used 8184K [0x00000000d5580000, 0x00000000e4800000, 0x0000000100000000)
  eden space 192000K, 0% used [0x00000000d5580000,0x00000000d5580000,0x00000000e1100000)
  from space 21504K, 38% used [0x00000000e2600000,0x00000000e2dfe1a0,0x00000000e3b00000)
  to   space 21504K, 0% used [0x00000000e1100000,0x00000000e1100000,0x00000000e2600000)
 ParOldGen       total 214016K, used 13305K [0x0000000080000000, 0x000000008d100000, 0x00000000d5580000)
  object space 214016K, 6% used [0x0000000080000000,0x0000000080cfe6b0,0x000000008d100000)
 Metaspace       used 34294K, capacity 35414K, committed 35496K, reserved 1079296K
  class space    used 4719K, capacity 5002K, committed 5040K, reserved 1048576K
}
Event: 2.894 GC heap before
{Heap before GC invocations=6 (full 2):
 PSYoungGen      total 213504K, used 8184K [0x00000000d5580000, 0x00000000e4800000, 0x0000000100000000)
  eden space 192000K, 0% used [0x00000000d5580000,0x00000000d5580000,0x00000000e1100000)
  from space 21504K, 38% used [0x00000000e2600000,0x00000000e2dfe1a0,0x00000000e3b00000)
  to   space 21504K, 0% used [0x00000000e1100000,0x00000000e1100000,0x00000000e2600000)
 ParOldGen       total 214016K, used 13305K [0x0000000080000000, 0x000000008d100000, 0x00000000d5580000)
  object space 214016K, 6% used [0x0000000080000000,0x0000000080cfe6b0,0x000000008d100000)
 Metaspace       used 34294K, capacity 35414K, committed 35496K, reserved 1079296K
  class space    used 4719K, capacity 5002K, committed 5040K, reserved 1048576K
Event: 2.920 GC heap after
Heap after GC invocations=6 (full 2):
 PSYoungGen      total 213504K, used 0K [0x00000000d5580000, 0x00000000e4800000, 0x0000000100000000)
  eden space 192000K, 0% used [0x00000000d5580000,0x00000000d5580000,0x00000000e1100000)
  from space 21504K, 0% used [0x00000000e2600000,0x00000000e2600000,0x00000000e3b00000)
  to   space 21504K, 0% used [0x00000000e1100000,0x00000000e1100000,0x00000000e2600000)
 ParOldGen       total 214016K, used 14756K [0x0000000080000000, 0x000000008d100000, 0x00000000d5580000)
  object space 214016K, 6% used [0x0000000080000000,0x0000000080e69010,0x000000008d100000)
 Metaspace       used 34294K, capacity 35414K, committed 35496K, reserved 1079296K
  class space    used 4719K, capacity 5002K, committed 5040K, reserved 1048576K
}
Event: 3.747 GC heap before
{Heap before GC invocations=7 (full 2):
 PSYoungGen      total 213504K, used 192000K [0x00000000d5580000, 0x00000000e4800000, 0x0000000100000000)
  eden space 192000K, 100% used [0x00000000d5580000,0x00000000e1100000,0x00000000e1100000)
  from space 21504K, 0% used [0x00000000e2600000,0x00000000e2600000,0x00000000e3b00000)
  to   space 21504K, 0% used [0x00000000e1100000,0x00000000e1100000,0x00000000e2600000)
 ParOldGen       total 214016K, used 14756K [0x0000000080000000, 0x000000008d100000, 0x00000000d5580000)
  object space 214016K, 6% used [0x0000000080000000,0x0000000080e69010,0x000000008d100000)
 Metaspace       used 45393K, capacity 47258K, committed 47528K, reserved 1089536K
  class space    used 6152K, capacity 6511K, committed 6576K, reserved 1048576K
Event: 3.755 GC heap after
Heap after GC invocations=7 (full 2):
 PSYoungGen      total 213504K, used 15031K [0x00000000d5580000, 0x00000000e4800000, 0x0000000100000000)
  eden space 192000K, 0% used [0x00000000d5580000,0x00000000d5580000,0x00000000e1100000)
  from space 21504K, 69% used [0x00000000e1100000,0x00000000e1fadc60,0x00000000e2600000)
  to   space 21504K, 0% used [0x00000000e2600000,0x00000000e2600000,0x00000000e3b00000)
 ParOldGen       total 214016K, used 14764K [0x0000000080000000, 0x000000008d100000, 0x00000000d5580000)
  object space 214016K, 6% used [0x0000000080000000,0x0000000080e6b010,0x000000008d100000)
 Metaspace       used 45393K, capacity 47258K, committed 47528K, reserved 1089536K
  class space    used 6152K, capacity 6511K, committed 6576K, reserved 1048576K
}

Deoptimization events (10 events):
Event: 3.819 Thread 0x000000001d0e9800 Uncommon trap: reason=bimorphic action=maybe_recompile pc=0x00000000039df378 method=java.util.regex.Pattern$CharProperty.match(Ljava/util/regex/Matcher;ILjava/lang/CharSequence;)Z @ 18
Event: 3.819 Thread 0x000000001d0e9800 Uncommon trap: reason=bimorphic action=maybe_recompile pc=0x00000000039df378 method=java.util.regex.Pattern$CharProperty.match(Ljava/util/regex/Matcher;ILjava/lang/CharSequence;)Z @ 18
Event: 3.819 Thread 0x000000001d0e9800 Uncommon trap: reason=bimorphic action=maybe_recompile pc=0x00000000039df378 method=java.util.regex.Pattern$CharProperty.match(Ljava/util/regex/Matcher;ILjava/lang/CharSequence;)Z @ 18
Event: 3.826 Thread 0x000000001d0e9800 Uncommon trap: reason=bimorphic action=maybe_recompile pc=0x00000000039df378 method=java.util.regex.Pattern$CharProperty.match(Ljava/util/regex/Matcher;ILjava/lang/CharSequence;)Z @ 18
Event: 3.906 Thread 0x000000001d0e9800 Uncommon trap: reason=unstable_if action=reinterpret pc=0x000000000385ce70 method=org.gradle.internal.reflect.PropertyAccessorType.of(Ljava/lang/reflect/Method;)Lorg/gradle/internal/reflect/PropertyAccessorType; @ 56
Event: 4.061 Thread 0x000000001d0e9800 Uncommon trap: reason=unstable_if action=reinterpret pc=0x0000000003d0dcf4 method=com.sun.org.apache.xerces.internal.impl.XMLEntityScanner.checkBeforeLoad(Lcom/sun/xml/internal/stream/Entity$ScannedEntity;II)I @ 18
Event: 4.095 Thread 0x000000001d0e9800 Uncommon trap: reason=unstable_if action=reinterpret pc=0x0000000003b4ed30 method=org.gradle.internal.instantiation.generator.AbstractClassGenerator$InjectionAnnotationValidator.validateMethod(Ljava/lang/reflect/Method;Lorg/gradle/internal/reflect/Propert
Event: 4.095 Thread 0x000000001d0e9800 Uncommon trap: reason=unstable_if action=reinterpret pc=0x0000000003b6ae84 method=org.gradle.internal.instantiation.generator.AbstractClassGenerator$InjectionAnnotationValidator.validateMethod(Ljava/lang/reflect/Method;Lorg/gradle/internal/reflect/Propert
Event: 4.127 Thread 0x000000001d0e9800 Uncommon trap: reason=null_check action=make_not_entrant pc=0x00000000035d6d1c method=java.lang.Class.searchMethods([Ljava/lang/reflect/Method;Ljava/lang/String;[Ljava/lang/Class;)Ljava/lang/reflect/Method; @ 59
Event: 4.147 Thread 0x000000001d0e9800 Uncommon trap: reason=class_check action=maybe_recompile pc=0x000000000357b924 method=java.util.WeakHashMap.eq(Ljava/lang/Object;Ljava/lang/Object;)Z @ 7

Classes redefined (0 events):
No events

Internal exceptions (10 events):
Event: 4.155 Thread 0x000000001d0e9800 Exception <a 'java/lang/ClassNotFoundException': build_eaeoqrtmlryj3qs7tps71619u$_run_closure1BeanInfo> (0x00000000da6c25b8) thrown at [C:\src\AOSP-openjdk-git\hotspot\src\share\vm\classfile\systemDictionary.cpp, line 210]
Event: 4.155 Thread 0x000000001d0e9800 Exception <a 'java/lang/ClassNotFoundException': build_eaeoqrtmlryj3qs7tps71619u$_run_closure1Customizer> (0x00000000da6d3320) thrown at [C:\src\AOSP-openjdk-git\hotspot\src\share\vm\classfile\systemDictionary.cpp, line 210]
Event: 4.158 Thread 0x000000001d0e9800 Exception <a 'java/lang/ClassNotFoundException': org/gradle/api/JavaVersionBeanInfo> (0x00000000da73ee40) thrown at [C:\src\AOSP-openjdk-git\hotspot\src\share\vm\classfile\systemDictionary.cpp, line 210]
Event: 4.158 Thread 0x000000001d0e9800 Exception <a 'java/lang/ClassNotFoundException': java/lang/EnumBeanInfo> (0x00000000da748c90) thrown at [C:\src\AOSP-openjdk-git\hotspot\src\share\vm\classfile\systemDictionary.cpp, line 210]
Event: 4.158 Thread 0x000000001d0e9800 Exception <a 'java/lang/ClassNotFoundException': java/lang/EnumCustomizer> (0x00000000da752f38) thrown at [C:\src\AOSP-openjdk-git\hotspot\src\share\vm\classfile\systemDictionary.cpp, line 210]
Event: 4.159 Thread 0x000000001d0e9800 Exception <a 'java/lang/ClassNotFoundException': org/gradle/api/JavaVersionCustomizer> (0x00000000da788000) thrown at [C:\src\AOSP-openjdk-git\hotspot\src\share\vm\classfile\systemDictionary.cpp, line 210]
Event: 4.160 Thread 0x000000001d0e9800 Exception <a 'java/lang/ClassNotFoundException': com/android/build/gradle/internal/CompileOptions_DecoratedBeanInfo> (0x00000000da7e81c0) thrown at [C:\src\AOSP-openjdk-git\hotspot\src\share\vm\classfile\systemDictionary.cpp, line 210]
Event: 4.160 Thread 0x000000001d0e9800 Exception <a 'java/lang/ClassNotFoundException': com/android/build/gradle/internal/CompileOptionsBeanInfo> (0x00000000da803400) thrown at [C:\src\AOSP-openjdk-git\hotspot\src\share\vm\classfile\systemDictionary.cpp, line 210]
Event: 4.161 Thread 0x000000001d0e9800 Exception <a 'java/lang/ClassNotFoundException': com/android/build/gradle/internal/CompileOptionsCustomizer> (0x00000000da81e838) thrown at [C:\src\AOSP-openjdk-git\hotspot\src\share\vm\classfile\systemDictionary.cpp, line 210]
Event: 4.161 Thread 0x000000001d0e9800 Exception <a 'java/lang/ClassNotFoundException': com/android/build/gradle/internal/CompileOptions_DecoratedCustomizer> (0x00000000da84eec8) thrown at [C:\src\AOSP-openjdk-git\hotspot\src\share\vm\classfile\systemDictionary.cpp, line 210]

Events (10 events):
Event: 4.376 loading class org/gradle/api/component/AdhocComponentWithVariants
Event: 4.376 loading class org/gradle/api/component/AdhocComponentWithVariants done
Event: 4.376 loading class org/gradle/api/internal/java/usagecontext/ConfigurationVariantMapping
Event: 4.376 loading class org/gradle/api/internal/java/usagecontext/ConfigurationVariantMapping done
Event: 4.377 loading class org/gradle/api/internal/java/usagecontext/ConfigurationVariantDetailsInternal
Event: 4.377 loading class org/gradle/api/internal/java/usagecontext/ConfigurationVariantDetailsInternal done
Event: 4.377 loading class org/gradle/api/component/ConfigurationVariantDetails
Event: 4.377 loading class org/gradle/api/component/ConfigurationVariantDetails done
Event: 4.377 loading class org/gradle/api/component/SoftwareComponentContainer
Event: 4.377 loading class org/gradle/api/component/SoftwareComponentContainer done


Dynamic libraries:
0x00007ff7245a0000 - 0x00007ff7245d1000 	C:\Program Files\Android\Android Studio1\jre\bin\java.exe
0x00007fff3e8f0000 - 0x00007fff3eae6000 	C:\Windows\SYSTEM32\ntdll.dll
0x00007fff217c0000 - 0x00007fff217d3000 	C:\Program Files\Avast Software\Avast\aswhook.dll
0x00007fff3e380000 - 0x00007fff3e43d000 	C:\Windows\System32\KERNEL32.DLL
0x00007fff3c400000 - 0x00007fff3c6c9000 	C:\Windows\System32\KERNELBASE.dll
0x00007fff3d310000 - 0x00007fff3d3bc000 	C:\Windows\System32\ADVAPI32.dll
0x00007fff3e210000 - 0x00007fff3e2ae000 	C:\Windows\System32\msvcrt.dll
0x00007fff3e2e0000 - 0x00007fff3e37c000 	C:\Windows\System32\sechost.dll
0x00007fff3d3c0000 - 0x00007fff3d4eb000 	C:\Windows\System32\RPCRT4.dll
0x00007fff3d080000 - 0x00007fff3d220000 	C:\Windows\System32\USER32.dll
0x00007fff3c700000 - 0x00007fff3c722000 	C:\Windows\System32\win32u.dll
0x00007fff3cfc0000 - 0x00007fff3cfea000 	C:\Windows\System32\GDI32.dll
0x00007fff3c240000 - 0x00007fff3c34b000 	C:\Windows\System32\gdi32full.dll
0x00007fff3c730000 - 0x00007fff3c7cd000 	C:\Windows\System32\msvcp_win.dll
0x00007fff3c7d0000 - 0x00007fff3c8d0000 	C:\Windows\System32\ucrtbase.dll
0x00007fff308e0000 - 0x00007fff30b7b000 	C:\Windows\WinSxS\amd64_microsoft.windows.common-controls_6595b64144ccf1df_6.0.19041.746_none_ca02b4b61b8320a4\COMCTL32.dll
0x00007fff3e2b0000 - 0x00007fff3e2e0000 	C:\Windows\System32\IMM32.DLL
0x00000000618c0000 - 0x0000000061992000 	C:\Program Files\Android\Android Studio1\jre\jre\bin\msvcr100.dll
0x0000000064c30000 - 0x000000006547b000 	C:\Program Files\Android\Android Studio1\jre\jre\bin\server\jvm.dll
0x00007fff3d4f0000 - 0x00007fff3d4f8000 	C:\Windows\System32\PSAPI.DLL
0x00007fff30d30000 - 0x00007fff30d57000 	C:\Windows\SYSTEM32\WINMM.dll
0x00007fff297f0000 - 0x00007fff297f9000 	C:\Windows\SYSTEM32\WSOCK32.dll
0x00007fff36750000 - 0x00007fff3675a000 	C:\Windows\SYSTEM32\VERSION.dll
0x00007fff3d560000 - 0x00007fff3d5cb000 	C:\Windows\System32\WS2_32.dll
0x00007fff36720000 - 0x00007fff3672f000 	C:\Program Files\Android\Android Studio1\jre\jre\bin\verify.dll
0x00007fff28ac0000 - 0x00007fff28ae9000 	C:\Program Files\Android\Android Studio1\jre\jre\bin\java.dll
0x00007fff29660000 - 0x00007fff29676000 	C:\Program Files\Android\Android Studio1\jre\jre\bin\zip.dll
0x00007fff3dac0000 - 0x00007fff3e203000 	C:\Windows\System32\SHELL32.dll
0x00007fff3a1b0000 - 0x00007fff3a93f000 	C:\Windows\SYSTEM32\windows.storage.dll
0x00007fff3cba0000 - 0x00007fff3cef6000 	C:\Windows\System32\combase.dll
0x00007fff3ba90000 - 0x00007fff3babc000 	C:\Windows\SYSTEM32\Wldp.dll
0x00007fff3d780000 - 0x00007fff3d82e000 	C:\Windows\System32\SHCORE.dll
0x00007fff3d5d0000 - 0x00007fff3d625000 	C:\Windows\System32\shlwapi.dll
0x00007fff3bf60000 - 0x00007fff3bf86000 	C:\Windows\SYSTEM32\profapi.dll
0x00007fff28d90000 - 0x00007fff28daa000 	C:\Program Files\Android\Android Studio1\jre\jre\bin\net.dll
0x00007fff3b7a0000 - 0x00007fff3b80a000 	C:\Windows\system32\mswsock.dll
0x00007fff263b0000 - 0x00007fff263c3000 	C:\Program Files\Android\Android Studio1\jre\jre\bin\nio.dll
0x00007ffefc820000 - 0x00007ffefc847000 	C:\Users\Administrator\.gradle\native\f6784746aeab05261644944871eae4fe03e0ef1612fff0a4a95f87b438bc6780\windows-amd64\native-platform.dll
0x00007fff35aa0000 - 0x00007fff35aad000 	C:\Program Files\Android\Android Studio1\jre\jre\bin\management.dll
0x00007fff3b980000 - 0x00007fff3b998000 	C:\Windows\SYSTEM32\CRYPTSP.dll
0x00007fff3b0e0000 - 0x00007fff3b114000 	C:\Windows\system32\rsaenh.dll
0x00007fff3c6d0000 - 0x00007fff3c6f7000 	C:\Windows\System32\bcrypt.dll
0x00007fff3bf20000 - 0x00007fff3bf4e000 	C:\Windows\SYSTEM32\USERENV.dll
0x00007fff3c8d0000 - 0x00007fff3c950000 	C:\Windows\System32\bcryptprimitives.dll
0x00007fff3b970000 - 0x00007fff3b97c000 	C:\Windows\SYSTEM32\CRYPTBASE.dll
0x00007fff3b430000 - 0x00007fff3b46b000 	C:\Windows\SYSTEM32\IPHLPAPI.DLL
0x00007fff3d220000 - 0x00007fff3d228000 	C:\Windows\System32\NSI.dll
0x00007fff34140000 - 0x00007fff34157000 	C:\Windows\SYSTEM32\dhcpcsvc6.DLL
0x00007fff355e0000 - 0x00007fff355fd000 	C:\Windows\SYSTEM32\dhcpcsvc.DLL
0x00007fff3b470000 - 0x00007fff3b53b000 	C:\Windows\SYSTEM32\DNSAPI.dll
0x00007fff35a50000 - 0x00007fff35a5b000 	C:\Windows\SYSTEM32\WINNSI.DLL

VM Arguments:
jvm_args: -Xmx2048m -Dfile.encoding=UTF-8 -Duser.country=US -Duser.language=en -Duser.variant 
java_command: org.gradle.launcher.daemon.bootstrap.GradleDaemon 6.5
java_class_path (initial): C:\Users\Administrator\.gradle\wrapper\dists\gradle-6.5-bin\6nifqtx7604sqp1q6g8wikw7p\gradle-6.5\lib\gradle-launcher-6.5.jar
Launcher Type: SUN_STANDARD

Environment Variables:
PATH=C:\Program Files (x86)\Common Files\Oracle\Java\javapath;C:\Windows\system32;C:\Windows;C:\Windows\System32\Wbem;C:\Windows\System32\WindowsPowerShell\v1.0\;C:\Program Files\Git\cmd;C:\Program Files\Git\mingw64\bin;C:\Program Files\Git\usr\bin;C:\Users\Administrator\AppData\Local\Microsoft\WindowsApps;
USERNAME=Administrator
OS=Windows_NT
PROCESSOR_IDENTIFIER=Intel64 Family 6 Model 158 Stepping 10, GenuineIntel



---------------  S Y S T E M  ---------------

OS: Windows 10.0 , 64 bit Build 19041 (10.0.19041.662)

CPU:total 12 (initial active 12) (6 cores per cpu, 2 threads per core) family 6 model 158 stepping 10, cmov, cx8, fxsr, mmx, sse, sse2, sse3, ssse3, sse4.1, sse4.2, popcnt, avx, avx2, aes, clmul, erms, rtm, 3dnowpref, lzcnt, ht, tsc, tscinvbit, bmi1, bmi2, adx

Memory: 4k page, physical 33389236k(9699332k free), swap 33389236k(20220k free)

vm_info: OpenJDK 64-Bit Server VM (25.242-b01) for windows-amd64 JRE (1.8.0_242-release-1644-b01), built by "builder" with MS VC++ 10.0 (VS2010)

time: Mon May 10 20:46:33 2021
timezone: Jerusalem Daylight Time
elapsed time: 4 seconds (0d 0h 0m 4s)

